#
# There is insufficient memory for the Java Runtime Environment to continue.
# Native memory allocation (mmap) failed to map 67108864 bytes for Failed to commit area from 0x00000000c1c00000 to 0x00000000c5c00000 of length 67108864.
# Possible reasons:
#   The system is out of physical RAM or swap space
#   The process is running with CompressedOops enabled, and the Java Heap may be blocking the growth of the native heap
# Possible solutions:
#   Reduce memory load on the system
#   Increase physical memory or swap space
#   Check if swap backing store is full
#   Decrease Java heap size (-Xmx/-Xms)
#   Decrease number of Java threads
#   Decrease Java thread stack sizes (-Xss)
#   Set larger code cache with -XX:ReservedCodeCacheSize=
# This output file may be truncated or incomplete.
#
#  Out of Memory Error (t:/workspace/open/src/hotspot/os/windows/os_windows.cpp:3269), pid=5060, tid=2196
#
# JRE version:  (11.0.2+9) (build )
# Java VM: Java HotSpot(TM) 64-Bit Server VM (11.0.2+9-LTS, mixed mode, aot, sharing, tiered, compressed oops, g1 gc, windows-amd64)
# No core dump will be written. Minidumps are not enabled by default on client versions of Windows
#

---------------  S U M M A R Y ------------

Command Line: -Dfile.encoding=Cp1252 com.tecchlab.test.Test

Host: Intel(R) Core(TM) i5-2540M CPU @ 2.60GHz, 4 cores, 3G,  Windows 10 , 64 bit Build 17763 (10.0.17763.475)
Time: Fri Jun 28 14:01:10 2019 India Standard Time elapsed time: 0 seconds (0d 0h 0m 0s)

---------------  T H R E A D  ---------------

Current thread (0x00000216a0bf2000):  JavaThread "Unknown thread" [_thread_in_vm, id=2196, stack(0x0000003609c00000,0x0000003609d00000)]

Stack: [0x0000003609c00000,0x0000003609d00000]
Native frames: (J=compiled Java code, j=interpreted, Vv=VM code, C=native code)
V  [jvm.dll+0x63574a]
V  [jvm.dll+0x77326f]
V  [jvm.dll+0x77491a]
V  [jvm.dll+0x774fd3]
V  [jvm.dll+0x25e418]
V  [jvm.dll+0x632c0a]
V  [jvm.dll+0x627645]
V  [jvm.dll+0x314e7c]
V  [jvm.dll+0x314d02]
V  [jvm.dll+0x31a576]
V  [jvm.dll+0x36635f]
V  [jvm.dll+0x365d80]
V  [jvm.dll+0x2f19f8]
V  [jvm.dll+0x2f2b56]
V  [jvm.dll+0x74c817]
V  [jvm.dll+0x74df5f]
V  [jvm.dll+0x373179]
V  [jvm.dll+0x732eb9]
V  [jvm.dll+0x3e295d]
V  [jvm.dll+0x3e4c61]
C  [javaw.exe+0x3617]
C  [javaw.exe+0x17e2c]
C  [KERNEL32.DLL+0x17974]
C  [ntdll.dll+0x6a271]


---------------  P R O C E S S  ---------------

Threads class SMR info:
_java_thread_list=0x000002169eaf3e70, length=0, elements={
}

Java Threads: ( => current thread )

Other Threads:
  0x00000216a0c09000 GCTaskThread "GC Thread#0" [stack: 0x0000003609d00000,0x0000003609e00000] [id=4928]
  0x00000216a0c23000 ConcurrentGCThread "G1 Main Marker" [stack: 0x0000003609e00000,0x0000003609f00000] [id=10944]
  0x00000216a0c28000 ConcurrentGCThread "G1 Conc#0" [stack: 0x0000003609f00000,0x000000360a000000] [id=13488]

[error occurred during error reporting (printing all threads), id 0xc0000005, EXCEPTION_ACCESS_VIOLATION (0xc0000005) at pc=0x00007ff8b1390197]

VM state:not at safepoint (not fully initialized)

VM Mutex/Monitor currently owned by a thread:  ([mutex/lock_event])
[0x00000216a0bf03d0] Heap_lock - owner thread: 0x00000216a0bf2000

Heap address: 0x00000000c1c00000, size: 996 MB, Compressed Oops mode: Non-zero based: 0x00000000c1c00000
Narrow klass base: 0x0000000000000000, Narrow klass shift: 0

GC Heap History (0 events):
No events

Deoptimization events (0 events):
No events

Classes redefined (0 events):
No events

Internal exceptions (0 events):
No events

Events (0 events):
No events


Dynamic libraries:
0x00007ff6ced80000 - 0x00007ff6cedc7000 	C:\Program Files\Java\jdk-11.0.2\bin\javaw.exe
0x00007ff8e9c10000 - 0x00007ff8e9dfd000 	C:\Windows\SYSTEM32\ntdll.dll
0x00007ff8e96d0000 - 0x00007ff8e9783000 	C:\Windows\System32\KERNEL32.DLL
0x00007ff8e6140000 - 0x00007ff8e63d3000 	C:\Windows\System32\KERNELBASE.dll
0x00007ff8e9790000 - 0x00007ff8e9833000 	C:\Windows\System32\ADVAPI32.dll
0x00007ff8e99b0000 - 0x00007ff8e9a4e000 	C:\Windows\System32\msvcrt.dll
0x00007ff8e91b0000 - 0x00007ff8e924e000 	C:\Windows\System32\sechost.dll
0x00007ff8e77a0000 - 0x00007ff8e78c2000 	C:\Windows\System32\RPCRT4.dll
0x00007ff8e7390000 - 0x00007ff8e7527000 	C:\Windows\System32\USER32.dll
0x00007ff8e5e80000 - 0x00007ff8e5ea0000 	C:\Windows\System32\win32u.dll
0x00007ff8e96a0000 - 0x00007ff8e96c9000 	C:\Windows\System32\GDI32.dll
0x00007ff8e5ea0000 - 0x00007ff8e603a000 	C:\Windows\System32\gdi32full.dll
0x00007ff8e6da0000 - 0x00007ff8e6e40000 	C:\Windows\System32\msvcp_win.dll
0x00007ff8e6040000 - 0x00007ff8e613a000 	C:\Windows\System32\ucrtbase.dll
0x00007ff8d4530000 - 0x00007ff8d47a9000 	C:\Windows\WinSxS\amd64_microsoft.windows.common-controls_6595b64144ccf1df_6.0.17763.557_none_05b63f68071e5b9f\COMCTL32.dll
0x00007ff8e78d0000 - 0x00007ff8e7bfc000 	C:\Windows\System32\combase.dll
0x00007ff8d9320000 - 0x00007ff8d932a000 	C:\Windows\SYSTEM32\VERSION.dll
0x00007ff8e5d00000 - 0x00007ff8e5d7e000 	C:\Windows\System32\bcryptPrimitives.dll
0x00007ff8e7c70000 - 0x00007ff8e7c9e000 	C:\Windows\System32\IMM32.DLL
0x00007ff8dddc0000 - 0x00007ff8dddd6000 	C:\Program Files\Java\jdk-11.0.2\bin\vcruntime140.dll
0x00007ff8bb3a0000 - 0x00007ff8bb44a000 	C:\Program Files\Java\jdk-11.0.2\bin\msvcp140.dll
0x00007ff8b1090000 - 0x00007ff8b1bb7000 	C:\Program Files\Java\jdk-11.0.2\bin\server\jvm.dll
0x00007ff8e9690000 - 0x00007ff8e9698000 	C:\Windows\System32\PSAPI.DLL
0x00007ff8e3d50000 - 0x00007ff8e3d59000 	C:\Windows\SYSTEM32\WSOCK32.dll
0x00007ff8e7c00000 - 0x00007ff8e7c6d000 	C:\Windows\System32\WS2_32.dll
0x00007ff8e21e0000 - 0x00007ff8e2204000 	C:\Windows\SYSTEM32\WINMM.dll
0x00007ff8e21b0000 - 0x00007ff8e21dd000 	C:\Windows\SYSTEM32\WINMMBASE.dll
0x00007ff8e5e30000 - 0x00007ff8e5e7a000 	C:\Windows\System32\cfgmgr32.dll
0x00007ff8e5cc0000 - 0x00007ff8e5cd1000 	C:\Windows\System32\kernel.appcore.dll
0x00007ff8dcbe0000 - 0x00007ff8dcbf1000 	C:\Program Files\Java\jdk-11.0.2\bin\verify.dll
0x00007ff8d8f20000 - 0x00007ff8d910d000 	C:\Windows\SYSTEM32\DBGHELP.DLL
0x00007ff8d8ef0000 - 0x00007ff8d8f1a000 	C:\Windows\SYSTEM32\dbgcore.DLL
0x00007ff8db4c0000 - 0x00007ff8db4e9000 	C:\Program Files\Java\jdk-11.0.2\bin\java.dll
0x00007ff8dcad0000 - 0x00007ff8dcae6000 	C:\Program Files\Java\jdk-11.0.2\bin\zip.dll
0x00007ff8e1040000 - 0x00007ff8e104a000 	C:\Program Files\Java\jdk-11.0.2\bin\jimage.dll

dbghelp: loaded successfully - version: 4.0.5 - missing functions: none
symbol engine: initialized successfully - sym options: 0x614 - pdb path: .;C:\Program Files\Java\jdk-11.0.2\bin;C:\Windows\SYSTEM32;C:\Windows\WinSxS\amd64_microsoft.windows.common-controls_6595b64144ccf1df_6.0.17763.557_none_05b63f68071e5b9f;C:\Program Files\Java\jdk-11.0.2\bin\server

VM Arguments:
jvm_args: -Dfile.encoding=Cp1252 
java_command: com.tecchlab.test.Test
java_class_path (initial): F:\swabhav_repository\OOP\contact-app\bin
Launcher Type: SUN_STANDARD

[Global flags]
     intx CICompilerCount                          = 3                                         {product} {ergonomic}
     uint ConcGCThreads                            = 1                                         {product} {ergonomic}
     uint G1ConcRefinementThreads                  = 4                                         {product} {ergonomic}
   size_t G1HeapRegionSize                         = 1048576                                   {product} {ergonomic}
    uintx GCDrainStackTargetSize                   = 64                                        {product} {ergonomic}
   size_t InitialHeapSize                          = 67108864                                  {product} {ergonomic}
   size_t MarkStackSize                            = 4194304                                   {product} {ergonomic}
   size_t MaxHeapSize                              = 1044381696                                {product} {ergonomic}
   size_t MinHeapDeltaBytes                        = 1048576                                   {product} {ergonomic}
    uintx NonNMethodCodeHeapSize                   = 5830092                                {pd product} {ergonomic}
    uintx NonProfiledCodeHeapSize                  = 122914074                              {pd product} {ergonomic}
    uintx ProfiledCodeHeapSize                     = 122914074                              {pd product} {ergonomic}
    uintx ReservedCodeCacheSize                    = 251658240                              {pd product} {ergonomic}
     bool SegmentedCodeCache                       = true                                      {product} {ergonomic}
     bool UseCompressedClassPointers               = true                                 {lp64_product} {ergonomic}
     bool UseCompressedOops                        = true                                 {lp64_product} {ergonomic}
     bool UseG1GC                                  = true                                      {product} {ergonomic}
     bool UseLargePagesIndividualAllocation        = false                                  {pd product} {ergonomic}

Logging:
Log output configuration:
 #0: stdout all=warning uptime,level,tags
 #1: stderr all=off uptime,level,tags

Environment Variables:
CLASSPATH=%CLASSPATH%;%JUNIT_HOME%\junit-4.13-beta-3.jar;C:\Program Files\Java\Junit-4.13\junit-4.13-beta-3.jar;C:\Program Files\Java\Junit-4.13\junit-4.13-beta-3.jar
PATH=C:/Program Files/Java/jdk-11.0.2/bin/server;C:/Program Files/Java/jdk-11.0.2/bin;C:\Windows\system32;C:\Windows;C:\Windows\System32\Wbem;C:\Windows\System32\WindowsPowerShell\v1.0\;C:\Windows\System32\OpenSSH\;C:\Program Files\Git\cmd;C:\Users\vivek\AppData\Local\Microsoft\WindowsApps;C:\Users\vivek\AppData\Local\GitHubDesktop\bin;C:\Windows\System32;
USERNAME=vivek
OS=Windows_NT
PROCESSOR_IDENTIFIER=Intel64 Family 6 Model 42 Stepping 7, GenuineIntel



---------------  S Y S T E M  ---------------

OS: Windows 10 , 64 bit Build 17763 (10.0.17763.475)

CPU:total 4 (initial active 4) (2 cores per cpu, 2 threads per core) family 6 model 42 stepping 7, cmov, cx8, fxsr, mmx, sse, sse2, sse3, ssse3, sse4.1, sse4.2, popcnt, avx, aes, clmul, ht, tsc, tscinvbit

Memory: 4k page, system-wide physical 3976M (870M free)
TotalPageFile size 11714M (AvailPageFile size 33M)
current process WorkingSet (physical memory assigned to process): 9M, peak: 9M
current process commit charge ("private bytes"): 51M, peak: 115M

vm_info: Java HotSpot(TM) 64-Bit Server VM (11.0.2+9-LTS) for windows-amd64 JRE (11.0.2+9-LTS), built on Jan 18 2019 05:24:10 by "mach5one" with MS VC++ 15.5 (VS2017)

END.
